This is pdfTeX, Version 3.14159265-2.6-1.40.19 (TeX Live 2018) (preloaded format=pdflatex 2018.4.16)  20 MAY 2019 15:25
entering extended mode
 restricted \write18 enabled.
 %&-line parsing enabled.
**./tutorial-compiler.tex
(./tutorial-compiler.tex
LaTeX2e <2018-04-01> patch level 2
Babel <3.18> and hyphenation patterns for 84 language(s) loaded.
(/usr/local/texlive/2018/texmf-dist/tex/latex/base/article.cls
Document Class: article 2014/09/29 v1.4h Standard LaTeX document class
(/usr/local/texlive/2018/texmf-dist/tex/latex/base/size11.clo
File: size11.clo 2014/09/29 v1.4h Standard LaTeX file (size option)
)
\c@part=\count80
\c@section=\count81
\c@subsection=\count82
\c@subsubsection=\count83
\c@paragraph=\count84
\c@subparagraph=\count85
\c@figure=\count86
\c@table=\count87
\abovecaptionskip=\skip41
\belowcaptionskip=\skip42
\bibindent=\dimen102
)
(/usr/local/texlive/2018/texmf-dist/tex/latex/base/makeidx.sty
Package: makeidx 2014/09/29 v1.0m Standard LaTeX package
) (./appendix.sty
Package: appendix 2002/08/06 v1.2 extra appendix facilities
\c@@pps=\count88
\c@@ppsavesec=\count89
\c@@ppsaveapp=\count90
) (/usr/local/texlive/2018/texmf-dist/tex/latex/base/ifthen.sty
Package: ifthen 2014/09/29 v1.1c Standard LaTeX ifthen package (DPC)
)
(/usr/local/texlive/2018/texmf-dist/tex/latex/listings/listings.sty
(/usr/local/texlive/2018/texmf-dist/tex/latex/graphics/keyval.sty
Package: keyval 2014/10/28 v1.15 key=value parser (DPC)
\KV@toks@=\toks14
)
\lst@mode=\count91
\lst@gtempboxa=\box26
\lst@token=\toks15
\lst@length=\count92
\lst@currlwidth=\dimen103
\lst@column=\count93
\lst@pos=\count94
\lst@lostspace=\dimen104
\lst@width=\dimen105
\lst@newlines=\count95
\lst@lineno=\count96
\lst@maxwidth=\dimen106

(/usr/local/texlive/2018/texmf-dist/tex/latex/listings/lstmisc.sty
File: lstmisc.sty 2015/06/04 1.6 (Carsten Heinz)
\c@lstnumber=\count97
\lst@skipnumbers=\count98
\lst@framebox=\box27
)
(/usr/local/texlive/2018/texmf-dist/tex/latex/listings/listings.cfg
File: listings.cfg 2015/06/04 1.6 listings configuration
))
Package: listings 2015/06/04 1.6 (Carsten Heinz)

(/usr/local/texlive/2018/texmf-dist/tex/latex/tools/verbatim.sty
Package: verbatim 2014/10/28 v1.5q LaTeX2e package for verbatim enhancements
\every@verbatim=\toks16
\verbatim@line=\toks17
\verbatim@in@stream=\read1
)
(/usr/local/texlive/2018/texmf-dist/tex/latex/hyperref/hyperref.sty
Package: hyperref 2018/02/06 v6.86b Hypertext links for LaTeX

(/usr/local/texlive/2018/texmf-dist/tex/generic/oberdiek/hobsub-hyperref.sty
Package: hobsub-hyperref 2016/05/16 v1.14 Bundle oberdiek, subset hyperref (HO)


(/usr/local/texlive/2018/texmf-dist/tex/generic/oberdiek/hobsub-generic.sty
Package: hobsub-generic 2016/05/16 v1.14 Bundle oberdiek, subset generic (HO)
Package: hobsub 2016/05/16 v1.14 Construct package bundles (HO)
Package: infwarerr 2016/05/16 v1.4 Providing info/warning/error messages (HO)
Package: ltxcmds 2016/05/16 v1.23 LaTeX kernel commands for general use (HO)
Package: ifluatex 2016/05/16 v1.4 Provides the ifluatex switch (HO)
Package ifluatex Info: LuaTeX not detected.
Package: ifvtex 2016/05/16 v1.6 Detect VTeX and its facilities (HO)
Package ifvtex Info: VTeX not detected.
Package: intcalc 2016/05/16 v1.2 Expandable calculations with integers (HO)
Package: ifpdf 2017/03/15 v3.2 Provides the ifpdf switch
Package: etexcmds 2016/05/16 v1.6 Avoid name clashes with e-TeX commands (HO)
Package etexcmds Info: Could not find \expanded.
(etexcmds)             That can mean that you are not using pdfTeX 1.50 or
(etexcmds)             that some package has redefined \expanded.
(etexcmds)             In the latter case, load this package earlier.
Package: kvsetkeys 2016/05/16 v1.17 Key value parser (HO)
Package: kvdefinekeys 2016/05/16 v1.4 Define keys (HO)
Package: pdftexcmds 2018/01/30 v0.27 Utility functions of pdfTeX for LuaTeX (HO
)
Package pdftexcmds Info: LuaTeX not detected.
Package pdftexcmds Info: \pdf@primitive is available.
Package pdftexcmds Info: \pdf@ifprimitive is available.
Package pdftexcmds Info: \pdfdraftmode found.
Package: pdfescape 2016/05/16 v1.14 Implements pdfTeX's escape features (HO)
Package: bigintcalc 2016/05/16 v1.4 Expandable calculations on big integers (HO
)
Package: bitset 2016/05/16 v1.2 Handle bit-vector datatype (HO)
Package: uniquecounter 2016/05/16 v1.3 Provide unlimited unique counter (HO)
)
Package hobsub Info: Skipping package `hobsub' (already loaded).
Package: letltxmacro 2016/05/16 v1.5 Let assignment for LaTeX macros (HO)
Package: hopatch 2016/05/16 v1.3 Wrapper for package hooks (HO)
Package: xcolor-patch 2016/05/16 xcolor patch
Package: atveryend 2016/05/16 v1.9 Hooks at the very end of document (HO)
Package atveryend Info: \enddocument detected (standard20110627).
Package: atbegshi 2016/06/09 v1.18 At begin shipout hook (HO)
Package: refcount 2016/05/16 v3.5 Data extraction from label references (HO)
Package: hycolor 2016/05/16 v1.8 Color options for hyperref/bookmark (HO)
)
(/usr/local/texlive/2018/texmf-dist/tex/generic/ifxetex/ifxetex.sty
Package: ifxetex 2010/09/12 v0.6 Provides ifxetex conditional
)
(/usr/local/texlive/2018/texmf-dist/tex/latex/oberdiek/auxhook.sty
Package: auxhook 2016/05/16 v1.4 Hooks for auxiliary files (HO)
)
(/usr/local/texlive/2018/texmf-dist/tex/latex/oberdiek/kvoptions.sty
Package: kvoptions 2016/05/16 v3.12 Key value format for package options (HO)
)
\@linkdim=\dimen107
\Hy@linkcounter=\count99
\Hy@pagecounter=\count100

(/usr/local/texlive/2018/texmf-dist/tex/latex/hyperref/pd1enc.def
File: pd1enc.def 2018/02/06 v6.86b Hyperref: PDFDocEncoding definition (HO)
Now handling font encoding PD1 ...
... no UTF-8 mapping file for font encoding PD1
)
\Hy@SavedSpaceFactor=\count101

(/usr/local/texlive/2018/texmf-dist/tex/latex/latexconfig/hyperref.cfg
File: hyperref.cfg 2002/06/06 v1.2 hyperref configuration of TeXLive
)
Package hyperref Info: Option `bookmarks' set `true' on input line 4383.
Package hyperref Info: Option `bookmarksopen' set `true' on input line 4383.
Package hyperref Info: Option `colorlinks' set `true' on input line 4383.
Package hyperref Info: Hyper figures OFF on input line 4509.
Package hyperref Info: Link nesting OFF on input line 4514.
Package hyperref Info: Hyper index ON on input line 4517.
Package hyperref Info: Plain pages OFF on input line 4524.
Package hyperref Info: Backreferencing OFF on input line 4529.
Package hyperref Info: Implicit mode ON; LaTeX internals redefined.
Package hyperref Info: Bookmarks ON on input line 4762.
\c@Hy@tempcnt=\count102

(/usr/local/texlive/2018/texmf-dist/tex/latex/url/url.sty
\Urlmuskip=\muskip10
Package: url 2013/09/16  ver 3.4  Verb mode for urls, etc.
)
LaTeX Info: Redefining \url on input line 5115.
\XeTeXLinkMargin=\dimen108
\Fld@menulength=\count103
\Field@Width=\dimen109
\Fld@charsize=\dimen110
Package hyperref Info: Hyper figures OFF on input line 6369.
Package hyperref Info: Link nesting OFF on input line 6374.
Package hyperref Info: Hyper index ON on input line 6377.
Package hyperref Info: backreferencing OFF on input line 6384.
Package hyperref Info: Link coloring ON on input line 6387.
Package hyperref Info: Link coloring with OCG OFF on input line 6394.
Package hyperref Info: PDF/A mode OFF on input line 6399.
LaTeX Info: Redefining \ref on input line 6439.
LaTeX Info: Redefining \pageref on input line 6443.
\Hy@abspage=\count104
\c@Item=\count105
\c@Hfootnote=\count106
)
Package hyperref Info: Driver (autodetected): hpdftex.

(/usr/local/texlive/2018/texmf-dist/tex/latex/hyperref/hpdftex.def
File: hpdftex.def 2018/02/06 v6.86b Hyperref driver for pdfTeX
\Fld@listcount=\count107
\c@bookmark@seq@number=\count108

(/usr/local/texlive/2018/texmf-dist/tex/latex/oberdiek/rerunfilecheck.sty
Package: rerunfilecheck 2016/05/16 v1.8 Rerun checks for auxiliary files (HO)
Package uniquecounter Info: New unique counter `rerunfilecheck' on input line 2
82.
)
\Hy@SectionHShift=\skip43
)
\@indexfile=\write3
\openout3 = `tutorial-compiler.idx'.


Writing index file tutorial-compiler.idx
(./tutorial-compiler.aux)
\openout1 = `tutorial-compiler.aux'.

LaTeX Font Info:    Checking defaults for OML/cmm/m/it on input line 30.
LaTeX Font Info:    ... okay on input line 30.
LaTeX Font Info:    Checking defaults for T1/cmr/m/n on input line 30.
LaTeX Font Info:    ... okay on input line 30.
LaTeX Font Info:    Checking defaults for OT1/cmr/m/n on input line 30.
LaTeX Font Info:    ... okay on input line 30.
LaTeX Font Info:    Checking defaults for OMS/cmsy/m/n on input line 30.
LaTeX Font Info:    ... okay on input line 30.
LaTeX Font Info:    Checking defaults for OMX/cmex/m/n on input line 30.
LaTeX Font Info:    ... okay on input line 30.
LaTeX Font Info:    Checking defaults for U/cmr/m/n on input line 30.
LaTeX Font Info:    ... okay on input line 30.
LaTeX Font Info:    Checking defaults for PD1/pdf/m/n on input line 30.
LaTeX Font Info:    ... okay on input line 30.
\c@lstlisting=\count109
\AtBeginShipoutBox=\box28

(/usr/local/texlive/2018/texmf-dist/tex/latex/graphics/color.sty
Package: color 2016/07/10 v1.1e Standard LaTeX Color (DPC)

(/usr/local/texlive/2018/texmf-dist/tex/latex/graphics-cfg/color.cfg
File: color.cfg 2016/01/02 v1.6 sample color configuration
)
Package color Info: Driver file: pdftex.def on input line 147.

(/usr/local/texlive/2018/texmf-dist/tex/latex/graphics-def/pdftex.def
File: pdftex.def 2018/01/08 v1.0l Graphics/color driver for pdftex

(/usr/local/texlive/2018/texmf-dist/tex/context/base/mkii/supp-pdf.mkii
[Loading MPS to PDF converter (version 2006.09.02).]
\scratchcounter=\count110
\scratchdimen=\dimen111
\scratchbox=\box29
\nofMPsegments=\count111
\nofMParguments=\count112
\everyMPshowfont=\toks18
\MPscratchCnt=\count113
\MPscratchDim=\dimen112
\MPnumerator=\count114
\makeMPintoPDFobject=\count115
\everyMPtoPDFconversion=\toks19
)))
Package hyperref Info: Link coloring ON on input line 30.
 (/usr/local/texlive/2018/texmf-dist/tex/latex/hyperref/nameref.sty
Package: nameref 2016/05/21 v2.44 Cross-referencing by name of section

(/usr/local/texlive/2018/texmf-dist/tex/generic/oberdiek/gettitlestring.sty
Package: gettitlestring 2016/05/16 v1.5 Cleanup title references (HO)
)
\c@section@level=\count116
)
LaTeX Info: Redefining \ref on input line 30.
LaTeX Info: Redefining \pageref on input line 30.
LaTeX Info: Redefining \nameref on input line 30.

(./tutorial-compiler.out) (./tutorial-compiler.out)
\@outlinefile=\write4
\openout4 = `tutorial-compiler.out'.

LaTeX Font Info:    External font `cmex10' loaded for size
(Font)              <12> on input line 34.
LaTeX Font Info:    External font `cmex10' loaded for size
(Font)              <8> on input line 34.
LaTeX Font Info:    External font `cmex10' loaded for size
(Font)              <6> on input line 34.
LaTeX Font Info:    External font `cmex10' loaded for size
(Font)              <10.95> on input line 47.
 [1

{/usr/local/texlive/2018/texmf-var/fonts/map/pdftex/updmap/pdftex.map}]
Overfull \hbox (13.99596pt too wide) in paragraph at lines 82--84
\OT1/cmr/m/n/10.95 The fol-low-ing is a POET im-ple-men-ta-tion of the above BN
F in PO-ET-/ex-am-ples/-com-piler[]input[]1.code. 
 []

File: ../examples/compiler_input_1.code  (verbatim)

Overfull \hbox (7.46446pt too wide) in paragraph at lines 84--84
[]\OT1/cmtt/m/n/9 <code For parse=("for" "(" ID "=" CODE.Exp ";" ID "<" CODE.Ex
p ";" CODE.Exp ")" "{" CODE.Block "}")/>[] 
 []

[2]
LaTeX Font Info:    Try loading font information for OMS+cmr on input line 99.
 (/usr/local/texlive/2018/texmf-dist/tex/latex/base/omscmr.fd
File: omscmr.fd 2014/09/29 v2.5h Standard LaTeX font definitions
)
LaTeX Font Info:    Font shape `OMS/cmr/m/n' in size <10.95> not available
(Font)              Font shape `OMS/cmsy/m/n' tried instead on input line 99.
File: ../examples/compiler_input_2.code  (verbatim)

Overfull \hbox (26.36424pt too wide) in paragraph at lines 118--118
[]                  \OT1/cmtt/m/n/9 else { print("Line " LINE_NO ": mismatching
 type: " INHERIT "vs." e1); CODE.TypeError})[] 
 []


Overfull \hbox (2.73952pt too wide) in paragraph at lines 118--118
[]         \OT1/cmtt/m/n/9 eval(if (sub!=IntType) print("Line " LINE_NO ": arra
y subscript must be an integer: " sub);[] 
 []

[3]
Overfull \hbox (54.71391pt too wide) in paragraph at lines 118--118
[]         \OT1/cmtt/m/n/9 eval(if (INHERIT!=e1) print("Line " LINE_NO ": misma
tching type:" INHERIT "vs." e1); return(INHERIT)))[] 
 []


Overfull \hbox (54.71391pt too wide) in paragraph at lines 118--118
[]                  \OT1/cmtt/m/n/9 eval(if (LookupVariable(id)) ERROR("Variabl
e already defined:" id); insert_entry(id, t);)) />[] 
 []

File: ../examples/compiler_2.pt  (verbatim)
[4] [5]
Overfull \hbox (47.6269pt too wide) in paragraph at lines 176--176
[]\OT1/cmtt/m/n/10.95 <code E pars=(opd1:CODE.F, rest:CODE.E1 ) parse=(opd1 res
t eval(return(E#(opd1,rest)))) />[] 
 []

[6]
File: ../examples/compiler_input_3.code  (verbatim)

Overfull \hbox (35.81413pt too wide) in paragraph at lines 212--212
[]  \OT1/cmtt/m/n/9 parse=("for" "(" var "=" lb ";" var "<" ub ";" incr ")" "{"
 eval(push_scope()) body eval(pop_scope()) "}"[] 
 []


Overfull \hbox (7.46446pt too wide) in paragraph at lines 212--212
[]               \OT1/cmtt/m/n/9 if (t1 != lb[ATTR.type] || t1 != CODE.IntType)
 print("Type mismatch:" var " vs. " lb);[] 
 []

[7]
Overfull \hbox (21.6393pt too wide) in paragraph at lines 212--212
[]                  \OT1/cmtt/m/n/9 else if (INHERT[ATTR.type]==FloatType && e1
[ATTR.type]==FloatType) t = CODE.FloatType;[] 
 []


Overfull \hbox (49.98897pt too wide) in paragraph at lines 212--212
[]              \OT1/cmtt/m/n/9 if (!(INHERIT[ATTR.type] : PtrType#(t1))) { t1=
TypeError; print("Not an array type:" INHERIT); }[] 
 []


Overfull \hbox (7.46446pt too wide) in paragraph at lines 212--212
[]            \OT1/cmtt/m/n/9 eval(if (INHERIT[ATTR.type]!=e1[ATTR.type]) print
("Mismatching type: " INHERIT "vs." e1);[] 
 []


Overfull \hbox (2.73952pt too wide) in paragraph at lines 212--212
[]                 \OT1/cmtt/m/n/9 return (CODE.ATTR#(Bop#("=",INHERIT[ATTR.exp
],e1[ATTR.exp]), INHERIT[ATTR.type]))))[] 
 []


Overfull \hbox (7.46446pt too wide) in paragraph at lines 212--212
[]\OT1/cmtt/m/n/9 <code Factor parse=(((id=ID) eval(t = LookupVariable(id); if 
(t=="") print("Undefined variable:" id);[] 
 []

File: ../examples/compiler.input  (verbatim)
File: ../examples/compiler_output_3.save  (verbatim)
[8] [9]
File: ../examples/compiler_4.pt  (verbatim)

Overfull \hbox (1.37424pt too wide) in paragraph at lines 249--252
[]\OT1/cmr/m/n/10.95 The fol-low-ing POET im-ple-men-ta-tion from PO-ET-/ex-am-
ples/-com-piler[]input[]4.code ex-tends that
 []

File: ../examples/compiler_input_4.code  (verbatim)
[10] [11]
Overfull \hbox (47.6269pt too wide) in paragraph at lines 296--296
[]\OT1/cmtt/m/n/10.95 Block ::= {For.begin=Block.begin; } For  { Block.next = F
or.next; Block.instr=For.instr; }[] 
 []


Overfull \hbox (7.3861pt too wide) in paragraph at lines 300--300
[]        \OT1/cmtt/m/n/10.95 { Block.next=Block2.next; Block.instr=append(Bloc
k1.instr, Block2.instr); }[] 
 []


Overfull \hbox (18.88347pt too wide) in paragraph at lines 312--312
[]         \OT1/cmtt/m/n/10.95 For.instr = append(E1.instr,s1,E2.instr,s2,s3,s4
,Block.instr,E3.instr,s5); }[] 
 []


Overfull \hbox (13.13478pt too wide) in paragraph at lines 317--317
[]     \OT1/cmtt/m/n/10.95 E.instr=append(E2.instr,gen_3addr(empty,"storeAI",E2
.reg,"rarp",Lookup(id))); }[] 
 []

[12]
Overfull \hbox (16.91435pt too wide) in paragraph at lines 337--337
[]     \OT1/cmtt/m/n/9 inherited attributes used to save the beginning label of
 the corresponding 3-address instructions;[] 
 []

File: ../examples/compiler_5.pt  (verbatim)
[13] [14] [15]
Overfull \hbox (24.63216pt too wide) in paragraph at lines 368--368
[]\OT1/cmtt/m/n/10.95 Block ::= {For.begin=Block.begin; } For  { Block.next = F
or.next; Block.cfg=For.cfg; }[] 
 []


Overfull \hbox (13.13478pt too wide) in paragraph at lines 370--370
[]      \OT1/cmtt/m/n/10.95 | {Decl.begin=Block.begin; } Decl  { Block.next=app
end(Block.next,Decl.ast); }[] 
 []


Overfull \hbox (24.63216pt too wide) in paragraph at lines 380--380
[]                          \OT1/cmtt/m/n/10.95 flow#(test->body),flow#(test->F
or.next), flow#(body,test));}[] 
 []

[16]
File: ../examples/compiler_6.pt  (verbatim)
 [17] [18] [19]
Package atveryend Info: Empty hook `BeforeClearDocument' on input line 462.
 [20]
Package atveryend Info: Empty hook `AfterLastShipout' on input line 462.
 (./tutorial-compiler.aux)
Package atveryend Info: Executing hook `AtVeryEndDocument' on input line 462.
Package atveryend Info: Executing hook `AtEndAfterFileList' on input line 462.
Package rerunfilecheck Info: File `tutorial-compiler.out' has not changed.
(rerunfilecheck)             Checksum: D2874483FB0CDFB4EFB491310B660BE0;610.
Package atveryend Info: Empty hook `AtVeryVeryEnd' on input line 462.
 ) 
Here is how much of TeX's memory you used:
 6316 strings out of 492649
 93007 string characters out of 6129622
 186720 words of memory out of 5000000
 10129 multiletter control sequences out of 15000+600000
 9484 words of font info for 34 fonts, out of 8000000 for 9000
 1141 hyphenation exceptions out of 8191
 28i,6n,32p,1038b,487s stack positions out of 5000i,500n,10000p,200000b,80000s
</usr/local/texlive/2018/texmf-dist/fonts/type1/public/amsfonts/cm/cmbx10.pfb
></usr/local/texlive/2018/texmf-dist/fonts/type1/public/amsfonts/cm/cmbx12.pfb>
</usr/local/texlive/2018/texmf-dist/fonts/type1/public/amsfonts/cm/cmmi10.pfb><
/usr/local/texlive/2018/texmf-dist/fonts/type1/public/amsfonts/cm/cmr10.pfb></u
sr/local/texlive/2018/texmf-dist/fonts/type1/public/amsfonts/cm/cmr12.pfb></usr
/local/texlive/2018/texmf-dist/fonts/type1/public/amsfonts/cm/cmr17.pfb></usr/l
ocal/texlive/2018/texmf-dist/fonts/type1/public/amsfonts/cm/cmr8.pfb></usr/loca
l/texlive/2018/texmf-dist/fonts/type1/public/amsfonts/cm/cmsy10.pfb></usr/local
/texlive/2018/texmf-dist/fonts/type1/public/amsfonts/cm/cmti10.pfb></usr/local/
texlive/2018/texmf-dist/fonts/type1/public/amsfonts/cm/cmtt10.pfb></usr/local/t
exlive/2018/texmf-dist/fonts/type1/public/amsfonts/cm/cmtt9.pfb>
Output written on tutorial-compiler.pdf (20 pages, 206599 bytes).
PDF statistics:
 192 PDF objects out of 1000 (max. 8388607)
 157 compressed objects within 2 object streams
 33 named destinations out of 1000 (max. 500000)
 89 words of extra memory for PDF output out of 10000 (max. 10000000)

